<?xml version="1.0" encoding="UTF-8"?>
<!-- Generated by org.testng.reporters.JUnitReportReporter -->
<testsuite skipped="0" hostname="DESKTOP-9LKJGDM" name="package1.TestForm" tests="1" failures="0" timestamp="08 Jul 2018 15:38:59 GMT" time="66.993" errors="0">
  <testcase name="testMethod1" time="66.993" classname="package1.TestForm"/>
</testsuite> <!-- package1.TestForm -->
