<?xml version="1.0" encoding="UTF-8"?>
<!-- Generated by org.testng.reporters.JUnitReportReporter -->
<testsuite skipped="0" hostname="DESKTOP-9LKJGDM" name="package1.TestForm" tests="1" failures="0" timestamp="07 Jul 2018 18:22:47 GMT" time="24.172" errors="0">
  <testcase name="testMethod1" time="24.172" classname="package1.TestForm"/>
</testsuite> <!-- package1.TestForm -->
